<?xml version="1.0" encoding="UTF-8"?>
<!-- Generated by org.testng.reporters.JUnitReportReporter -->
<testsuite hostname="LAPTOP-JL6OSVP7" failures="0" tests="1" name="test.TC_006_LogoutTest" time="11.678" errors="0" timestamp="2025-01-06T23:35:58 IST" skipped="0">
  <testcase classname="test.TC_006_LogoutTest" name="EditContactTest" time="11.678"/>
  <system-out/>
</testsuite> <!-- test.TC_006_LogoutTest -->
