<?xml version="1.0" encoding="UTF-8"?>
<!-- Generated by org.testng.reporters.JUnitReportReporter -->
<testsuite hostname="LAPTOP-JL6OSVP7" failures="0" tests="1" name="test.TC_002_InvalidSignUp" time="6.646" errors="0" timestamp="2024-12-18T21:20:15 IST" skipped="0">
  <testcase classname="test.TC_002_InvalidSignUp" name="InvalidSignUp" time="6.646"/>
  <system-out/>
</testsuite> <!-- test.TC_002_InvalidSignUp -->
