<?xml version="1.0" encoding="UTF-8"?>
<!-- Generated by org.testng.reporters.JUnitReportReporter -->
<testsuite hostname="LAPTOP-JL6OSVP7" failures="0" tests="1" name="test.TC008_AddDuplicateContactTest" time="16.451" errors="0" timestamp="2024-12-16T00:38:50 IST" skipped="0">
  <testcase classname="test.TC008_AddDuplicateContactTest" name="AddCDupontactTest" time="16.451"/>
  <system-out/>
</testsuite> <!-- test.TC008_AddDuplicateContactTest -->
