<?xml version="1.0" encoding="UTF-8"?>
<!-- Generated by org.testng.reporters.JUnitReportReporter -->
<testsuite hostname="LAPTOP-JL6OSVP7" failures="0" tests="7" name="test.TC_001_SignUpTest" time="52.494" errors="0" timestamp="2025-01-06T12:59:39 IST" skipped="0">
  <testcase classname="test.TC_001_SignUpTest" name="SignUpTest" time="7.153"/>
  <system-out/>
  <testcase classname="test.TC_001_SignUpTest" name="SignUpTest" time="8.155"/>
  <system-out/>
  <testcase classname="test.TC_001_SignUpTest" name="SignUpTest" time="7.016"/>
  <system-out/>
  <testcase classname="test.TC_001_SignUpTest" name="SignUpTest" time="7.452"/>
  <system-out/>
  <testcase classname="test.TC_001_SignUpTest" name="SignUpTest" time="7.092"/>
  <system-out/>
  <testcase classname="test.TC_001_SignUpTest" name="SignUpTest" time="8.386"/>
  <system-out/>
  <testcase classname="test.TC_001_SignUpTest" name="SignUpTest" time="7.240"/>
  <system-out/>
</testsuite> <!-- test.TC_001_SignUpTest -->
