<?xml version="1.0" encoding="UTF-8"?>
<!-- Generated by org.testng.reporters.JUnitReportReporter -->
<testsuite hostname="LAPTOP-JL6OSVP7" failures="0" tests="1" name="test.TC_007_ContactDisplayTest" time="6.566" errors="0" timestamp="2025-01-06T23:35:58 IST" skipped="0">
  <testcase classname="test.TC_007_ContactDisplayTest" name="ContactDisplayTest" time="6.566"/>
  <system-out/>
</testsuite> <!-- test.TC_007_ContactDisplayTest -->
