<?xml version="1.0" encoding="UTF-8"?>
<!-- Generated by org.testng.reporters.JUnitReportReporter -->
<testsuite hostname="LAPTOP-JL6OSVP7" failures="0" tests="1" name="test.TC_007_AddContactOptionalFieldTest" time="15.048" errors="0" timestamp="2024-12-16T00:36:30 IST" skipped="0">
  <testcase classname="test.TC_007_AddContactOptionalFieldTest" name="AddContactOptional" time="15.048"/>
  <system-out/>
</testsuite> <!-- test.TC_007_AddContactOptionalFieldTest -->
