<?xml version="1.0" encoding="UTF-8"?>
<!-- Generated by org.testng.reporters.JUnitReportReporter -->
<testsuite hostname="LAPTOP-JL6OSVP7" failures="0" tests="15" name="test.TC_003_AddContactTest" time="310.388" errors="0" timestamp="2025-01-06T12:59:39 IST" skipped="0">
  <testcase classname="test.TC_003_AddContactTest" name="AddContactTest" time="22.079"/>
  <system-out/>
  <testcase classname="test.TC_003_AddContactTest" name="AddContactTest" time="16.601"/>
  <system-out/>
  <testcase classname="test.TC_003_AddContactTest" name="AddContactTest" time="22.473"/>
  <system-out/>
  <testcase classname="test.TC_003_AddContactTest" name="AddContactTest" time="21.147"/>
  <system-out/>
  <testcase classname="test.TC_003_AddContactTest" name="AddContactTest" time="22.057"/>
  <system-out/>
  <testcase classname="test.TC_003_AddContactTest" name="AddContactTest" time="17.352"/>
  <system-out/>
  <testcase classname="test.TC_003_AddContactTest" name="AddContactTest" time="22.171"/>
  <system-out/>
  <testcase classname="test.TC_003_AddContactTest" name="AddContactTest" time="22.138"/>
  <system-out/>
  <testcase classname="test.TC_003_AddContactTest" name="AddContactTest" time="16.787"/>
  <system-out/>
  <testcase classname="test.TC_003_AddContactTest" name="AddContactTest" time="22.348"/>
  <system-out/>
  <testcase classname="test.TC_003_AddContactTest" name="AddContactTest" time="22.615"/>
  <system-out/>
  <testcase classname="test.TC_003_AddContactTest" name="AddContactTest" time="21.945"/>
  <system-out/>
  <testcase classname="test.TC_003_AddContactTest" name="AddContactTest" time="22.082"/>
  <system-out/>
  <testcase classname="test.TC_003_AddContactTest" name="AddContactTest" time="22.137"/>
  <system-out/>
  <testcase classname="test.TC_003_AddContactTest" name="AddContactTest" time="16.456"/>
  <system-out/>
</testsuite> <!-- test.TC_003_AddContactTest -->
