<?xml version="1.0" encoding="UTF-8"?>
<!-- Generated by org.testng.reporters.JUnitReportReporter -->
<testsuite hostname="LAPTOP-JL6OSVP7" failures="0" tests="1" name="test.TC_008_LogoutTest" time="10.768" errors="0" timestamp="2024-12-16T00:16:22 IST" skipped="0">
  <testcase classname="test.TC_008_LogoutTest" name="Logout" time="10.768"/>
  <system-out/>
</testsuite> <!-- test.TC_008_LogoutTest -->
