<?xml version="1.0" encoding="UTF-8"?>
<!-- Generated by org.testng.reporters.JUnitReportReporter -->
<testsuite hostname="LAPTOP-JL6OSVP7" failures="0" tests="11" name="test.TC_004_EditContactTest" time="488.200" errors="0" timestamp="2025-01-06T12:59:39 IST" skipped="0">
  <testcase classname="test.TC_004_EditContactTest" name="EditContactTest" time="40.385"/>
  <system-out/>
  <testcase classname="test.TC_004_EditContactTest" name="EditContactTest" time="39.906"/>
  <system-out/>
  <testcase classname="test.TC_004_EditContactTest" name="EditContactTest" time="40.020"/>
  <system-out/>
  <testcase classname="test.TC_004_EditContactTest" name="EditContactTest" time="40.079"/>
  <system-out/>
  <testcase classname="test.TC_004_EditContactTest" name="EditContactTest" time="54.596"/>
  <system-out/>
  <testcase classname="test.TC_004_EditContactTest" name="EditContactTest" time="39.874"/>
  <system-out/>
  <testcase classname="test.TC_004_EditContactTest" name="EditContactTest" time="39.886"/>
  <system-out/>
  <testcase classname="test.TC_004_EditContactTest" name="EditContactTest" time="39.883"/>
  <system-out/>
  <testcase classname="test.TC_004_EditContactTest" name="EditContactTest" time="40.067"/>
  <system-out/>
  <testcase classname="test.TC_004_EditContactTest" name="EditContactTest" time="73.616"/>
  <system-out/>
  <testcase classname="test.TC_004_EditContactTest" name="EditContactTest" time="39.888"/>
  <system-out/>
</testsuite> <!-- test.TC_004_EditContactTest -->
