<?xml version="1.0" encoding="UTF-8"?>
<!-- Generated by org.testng.reporters.JUnitReportReporter -->
<testsuite hostname="LAPTOP-JL6OSVP7" failures="0" tests="1" name="test.TC_008_LogoutTest" time="12.529" errors="0" timestamp="2025-01-02T15:40:23 IST" skipped="0">
  <testcase classname="test.TC_008_LogoutTest" name="Logout" time="12.529"/>
  <system-out/>
</testsuite> <!-- test.TC_008_LogoutTest -->
