<?xml version="1.0" encoding="UTF-8"?>
<!-- Generated by org.testng.reporters.JUnitReportReporter -->
<testsuite hostname="LAPTOP-JL6OSVP7" failures="0" tests="5" name="test.TC_002_LoginTest" time="32.392" errors="0" timestamp="2025-01-06T12:59:39 IST" skipped="0">
  <testcase classname="test.TC_002_LoginTest" name="LoginValid" time="6.637"/>
  <system-out/>
  <testcase classname="test.TC_002_LoginTest" name="LoginValid" time="6.288"/>
  <system-out/>
  <testcase classname="test.TC_002_LoginTest" name="LoginValid" time="6.194"/>
  <system-out/>
  <testcase classname="test.TC_002_LoginTest" name="LoginValid" time="6.787"/>
  <system-out/>
  <testcase classname="test.TC_002_LoginTest" name="LoginValid" time="6.486"/>
  <system-out/>
</testsuite> <!-- test.TC_002_LoginTest -->
