<?xml version="1.0" encoding="UTF-8"?>
<!-- Generated by org.testng.reporters.JUnitReportReporter -->
<testsuite hostname="LAPTOP-JL6OSVP7" failures="0" tests="1" name="test.TC_005_DeleteContactTest" time="11.301" errors="0" timestamp="2025-01-06T12:59:39 IST" skipped="0">
  <testcase classname="test.TC_005_DeleteContactTest" name="DeleteContactTest" time="11.301"/>
  <system-out/>
</testsuite> <!-- test.TC_005_DeleteContactTest -->
